<?xml version="1.0" encoding="UTF-8"?>
<!-- Generated by org.testng.reporters.JUnitReportReporter -->
<testsuite hostname="DESKTOP-AIAF1L2" failures="0" tests="1" name="testCases.VerifyLoginFunctionality" time="0.859" errors="0" timestamp="2024-02-05T10:46:38 EST" skipped="0">
  <testcase classname="testCases.VerifyLoginFunctionality" name="verifyValidLogin" time="0.859"/>
  <system-out/>
</testsuite> <!-- testCases.VerifyLoginFunctionality -->
