<?xml version="1.0" encoding="UTF-8"?>
<!-- Generated by org.testng.reporters.JUnitReportReporter -->
<testsuite hostname="Tareq_Ahmed" failures="0" tests="3" name="utility.BaseTest" time="1.734" errors="0" timestamp="2024-02-03T12:23:43 EST" skipped="0">
  <testcase classname="utility.BaseTest" name="readConfigFile" time="0.009"/>
  <system-out/>
  <testcase classname="utility.BaseTest" name="launchApp" time="1.562"/>
  <system-out/>
  <testcase classname="utility.BaseTest" name="closeApp" time="0.163"/>
  <system-out/>
</testsuite> <!-- utility.BaseTest -->
