<?xml version="1.0" encoding="UTF-8"?>
<!-- Generated by org.testng.reporters.JUnitReportReporter -->
<testsuite hostname="Tareq_Ahmed" failures="0" tests="1" name="testCases.VerifyLoginFunctionality" time="0.340" errors="0" timestamp="2024-02-03T14:18:48 EST" skipped="0">
  <testcase classname="testCases.VerifyLoginFunctionality" name="verifyValidLogin" time="0.340"/>
  <system-out/>
</testsuite> <!-- testCases.VerifyLoginFunctionality -->
