<?xml version="1.0" encoding="UTF-8"?>
<!-- Generated by org.testng.reporters.JUnitReportReporter -->
<testsuite hostname="Ibrahim" failures="0" tests="1" name="testCases.VerifyLoginFunctionality" time="0.624" errors="0" timestamp="2024-02-03T21:02:48 EST" skipped="0">
  <testcase classname="testCases.VerifyLoginFunctionality" name="verifyValidLogin" time="0.624"/>
  <system-out/>
</testsuite> <!-- testCases.VerifyLoginFunctionality -->
